<?xml version="1.0" encoding="UTF-8"?>
<!-- Generated by org.testng.reporters.JUnitReportReporter -->
<testsuite skipped="0" hostname="manjit-Vostro-1015" name="testingRevision.HandlingCheckBoxTest" tests="1" failures="0" timestamp="06 Mar 2019 04:31:58 GMT" time="42.754" errors="0">
  <testcase name="test_radio" time="42.754" classname="testingRevision.HandlingCheckBoxTest"/>
</testsuite> <!-- testingRevision.HandlingCheckBoxTest -->
