<?xml version="1.0" encoding="UTF-8"?>
<!-- Generated by org.testng.reporters.JUnitReportReporter -->
<testsuite skipped="0" hostname="manjit-Vostro-1015" name="testingRevision.Bootstrapdropdown" tests="1" failures="0" timestamp="06 Mar 2019 03:21:52 GMT" time="39.917" errors="0">
  <testcase name="test2" time="39.917" classname="testingRevision.Bootstrapdropdown"/>
</testsuite> <!-- testingRevision.Bootstrapdropdown -->
