<?xml version="1.0" encoding="UTF-8"?>
<!-- Generated by org.testng.reporters.JUnitReportReporter -->
<testsuite skipped="2" hostname="manjit-Vostro-1015" name="testingRevision.SelectTest" tests="3" failures="0" timestamp="05 Mar 2019 07:18:10 GMT" time="23.382" errors="0">
  <testcase name="test2" time="23.382" classname="testingRevision.SelectTest"/>
  <testcase name="test1" classname="testingRevision.SelectTest">
    <skipped/>
  </testcase> <!-- test1 -->
  <testcase name="test" classname="testingRevision.SelectTest">
    <skipped/>
  </testcase> <!-- test -->
</testsuite> <!-- testingRevision.SelectTest -->
