<?xml version="1.0" encoding="UTF-8"?>
<!-- Generated by org.testng.reporters.JUnitReportReporter -->
<testsuite skipped="0" hostname="manjit-Vostro-1015" name="testingRevision.RadioTestScreen" tests="1" failures="0" timestamp="06 Mar 2019 03:48:41 GMT" time="65.058" errors="0">
  <testcase name="test_radio" time="65.058" classname="testingRevision.RadioTestScreen"/>
</testsuite> <!-- testingRevision.RadioTestScreen -->
